<?xml version="1.0" encoding="UTF-8"?>
<!-- Generated by org.testng.reporters.JUnitReportReporter -->
<testsuite hostname="DESKTOP-46AIR7D" name="textalytics.tsexecution.Textalytics" tests="1" failures="0" timestamp="24 Oct 2021 15:29:21 GMT" time="75.673" errors="0">
  <testcase name="textalytics" time="75.673" classname="textalytics.tsexecution.Textalytics"/>
</testsuite> <!-- textalytics.tsexecution.Textalytics -->
